INFO  Validating config
INFO  
  ===================================================================
                                                                     
      #####  #    # ##### ##### ###### #####  ###### #      #   #    
      #    # #    #   #     #   #      #    # #      #       # #     
      #####  #    #   #     #   #####  #    # #####  #        #     
      #    # #    #   #     #   #      #####  #      #        #      
      #    # #    #   #     #   #      #   #  #      #        #    
      #####   ####    #     #   ###### #    # #      ######   #  

                            3.8.4                       
  ===================================================================
INFO  Start processing
INFO  Hexo is running at http://localhost:4000 . Press Ctrl+C to stop.
INFO  Validating config
INFO  
  ===================================================================
                                                                     
      #####  #    # ##### ##### ###### #####  ###### #      #   #    
      #    # #    #   #     #   #      #    # #      #       # #     
      #####  #    #   #     #   #####  #    # #####  #        #     
      #    # #    #   #     #   #      #####  #      #        #      
      #    # #    #   #     #   #      #   #  #      #        #    
      #####   ####    #     #   ###### #    # #      ######   #  

                            3.8.4                       
  ===================================================================
INFO  Start processing
INFO  Hexo is running at http://localhost:4000 . Press Ctrl+C to stop.
npx: installed 202 in 35.132s
command not found: server
INFO  Validating config
INFO  
  ===================================================================
                                                                     
      #####  #    # ##### ##### ###### #####  ###### #      #   #    
      #    # #    #   #     #   #      #    # #      #       # #     
      #####  #    #   #     #   #####  #    # #####  #        #     
      #    # #    #   #     #   #      #####  #      #        #      
      #    # #    #   #     #   #      #   #  #      #        #    
      #####   ####    #     #   ###### #    # #      ######   #  

                            3.8.4                       
  ===================================================================
INFO  Start processing
INFO  Hexo is running at http://localhost:4000 . Press Ctrl+C to stop.
INFO  Validating config
INFO  
  ===================================================================
                                                                     
      #####  #    # ##### ##### ###### #####  ###### #      #   #    
      #    # #    #   #     #   #      #    # #      #       # #     
      #####  #    #   #     #   #####  #    # #####  #        #     
      #    # #    #   #     #   #      #####  #      #        #      
      #    # #    #   #     #   #      #   #  #      #        #    
      #####   ####    #     #   ###### #    # #      ######   #  

                            3.8.4                       
  ===================================================================
INFO  Start processing
INFO  Hexo is running at http://localhost:4000 . Press Ctrl+C to stop.
INFO  Validating config
INFO  
  ===================================================================
                                                                     
      #####  #    # ##### ##### ###### #####  ###### #      #   #    
      #    # #    #   #     #   #      #    # #      #       # #     
      #####  #    #   #     #   #####  #    # #####  #        #     
      #    # #    #   #     #   #      #####  #      #        #      
      #    # #    #   #     #   #      #   #  #      #        #    
      #####   ####    #     #   ###### #    # #      ######   #  

                            3.8.4                       
  ===================================================================
INFO  Start processing
INFO  Hexo is running at http://localhost:4000 . Press Ctrl+C to stop.
INFO  Validating config
INFO  
  ===================================================================
                                                                     
      #####  #    # ##### ##### ###### #####  ###### #      #   #    
      #    # #    #   #     #   #      #    # #      #       # #     
      #####  #    #   #     #   #####  #    # #####  #        #     
      #    # #    #   #     #   #      #####  #      #        #      
      #    # #    #   #     #   #      #   #  #      #        #    
      #####   ####    #     #   ###### #    # #      ######   #  

                            3.8.4                       
  ===================================================================
INFO  Start processing
INFO  Hexo is running at http://localhost:4000 . Press Ctrl+C to stop.
INFO  Validating config
INFO  
  ===================================================================
                                                                     
      #####  #    # ##### ##### ###### #####  ###### #      #   #    
      #    # #    #   #     #   #      #    # #      #       # #     
      #####  #    #   #     #   #####  #    # #####  #        #     
      #    # #    #   #     #   #      #####  #      #        #      
      #    # #    #   #     #   #      #   #  #      #        #    
      #####   ####    #     #   ###### #    # #      ######   #  

                            3.8.4                       
  ===================================================================
Usage: hexo <command>

Commands:
  clean     Remove generated files and cache.
  config    Get or set configurations.
  deploy    Deploy your website.
  generate  Generate static files.
  help      Get help on a command.
  init      Create a new Hexo folder.
  list      List the information of the site
  migrate   Migrate your site from other system to Hexo.
  new       Create a new post.
  publish   Moves a draft post from _drafts to _posts folder.
  render    Render files with renderer plugins.
  server    Start the server.
  version   Display version information.

Global Options:
  --config  Specify config file instead of using _config.yml
  --cwd     Specify the CWD
  --debug   Display all verbose messages in the terminal
  --draft   Display draft posts
  --safe    Disable all plugins and scripts
  --silent  Hide output on console

For more help, you can use 'hexo help [command]' for the detailed information
or you can check the docs: http://hexo.io/docs/
INFO  Validating config
INFO  
  ===================================================================
                                                                     
      #####  #    # ##### ##### ###### #####  ###### #      #   #    
      #    # #    #   #     #   #      #    # #      #       # #     
      #####  #    #   #     #   #####  #    # #####  #        #     
      #    # #    #   #     #   #      #####  #      #        #      
      #    # #    #   #     #   #      #   #  #      #        #    
      #####   ####    #     #   ###### #    # #      ######   #  

                            3.8.4                       
  ===================================================================
INFO  Start processing
INFO  Hexo is running at http://localhost:4000 . Press Ctrl+C to stop.
INFO  Validating config
INFO  
  ===================================================================
                                                                     
      #####  #    # ##### ##### ###### #####  ###### #      #   #    
      #    # #    #   #     #   #      #    # #      #       # #     
      #####  #    #   #     #   #####  #    # #####  #        #     
      #    # #    #   #     #   #      #####  #      #        #      
      #    # #    #   #     #   #      #   #  #      #        #    
      #####   ####    #     #   ###### #    # #      ######   #  

                            3.8.4                       
  ===================================================================
Usage: hexo <command>

Commands:
  clean     Remove generated files and cache.
  config    Get or set configurations.
  deploy    Deploy your website.
  generate  Generate static files.
  help      Get help on a command.
  init      Create a new Hexo folder.
  list      List the information of the site
  migrate   Migrate your site from other system to Hexo.
  new       Create a new post.
  publish   Moves a draft post from _drafts to _posts folder.
  render    Render files with renderer plugins.
  server    Start the server.
  version   Display version information.

Global Options:
  --config  Specify config file instead of using _config.yml
  --cwd     Specify the CWD
  --debug   Display all verbose messages in the terminal
  --draft   Display draft posts
  --safe    Disable all plugins and scripts
  --silent  Hide output on console

For more help, you can use 'hexo help [command]' for the detailed information
or you can check the docs: http://hexo.io/docs/
INFO  Validating config
INFO  
  ===================================================================
                                                                     
      #####  #    # ##### ##### ###### #####  ###### #      #   #    
      #    # #    #   #     #   #      #    # #      #       # #     
      #####  #    #   #     #   #####  #    # #####  #        #     
      #    # #    #   #     #   #      #####  #      #        #      
      #    # #    #   #     #   #      #   #  #      #        #    
      #####   ####    #     #   ###### #    # #      ######   #  

                            3.8.4                       
  ===================================================================
Usage: hexo <command>

Commands:
  clean     Remove generated files and cache.
  config    Get or set configurations.
  deploy    Deploy your website.
  generate  Generate static files.
  help      Get help on a command.
  init      Create a new Hexo folder.
  list      List the information of the site
  migrate   Migrate your site from other system to Hexo.
  new       Create a new post.
  publish   Moves a draft post from _drafts to _posts folder.
  render    Render files with renderer plugins.
  server    Start the server.
  version   Display version information.

Global Options:
  --config  Specify config file instead of using _config.yml
  --cwd     Specify the CWD
  --debug   Display all verbose messages in the terminal
  --draft   Display draft posts
  --safe    Disable all plugins and scripts
  --silent  Hide output on console

For more help, you can use 'hexo help [command]' for the detailed information
or you can check the docs: http://hexo.io/docs/
INFO  Validating config
INFO  
  ===================================================================
                                                                     
      #####  #    # ##### ##### ###### #####  ###### #      #   #    
      #    # #    #   #     #   #      #    # #      #       # #     
      #####  #    #   #     #   #####  #    # #####  #        #     
      #    # #    #   #     #   #      #####  #      #        #      
      #    # #    #   #     #   #      #   #  #      #        #    
      #####   ####    #     #   ###### #    # #      ######   #  

                            3.8.4                       
  ===================================================================
INFO  Start processing
INFO  Hexo is running at http://localhost:4000 . Press Ctrl+C to stop.
INFO  Validating config
INFO  
  ===================================================================
                                                                     
      #####  #    # ##### ##### ###### #####  ###### #      #   #    
      #    # #    #   #     #   #      #    # #      #       # #     
      #####  #    #   #     #   #####  #    # #####  #        #     
      #    # #    #   #     #   #      #####  #      #        #      
      #    # #    #   #     #   #      #   #  #      #        #    
      #####   ####    #     #   ###### #    # #      ######   #  

                            3.8.4                       
  ===================================================================
INFO  Start processing
INFO  Hexo is running at http://localhost:4000 . Press Ctrl+C to stop.
INFO  Validating config
INFO  
  ===================================================================
                                                                     
      #####  #    # ##### ##### ###### #####  ###### #      #   #    
      #    # #    #   #     #   #      #    # #      #       # #     
      #####  #    #   #     #   #####  #    # #####  #        #     
      #    # #    #   #     #   #      #####  #      #        #      
      #    # #    #   #     #   #      #   #  #      #        #    
      #####   ####    #     #   ###### #    # #      ######   #  

                            3.8.4                       
  ===================================================================
INFO  Start processing
INFO  Hexo is running at http://localhost:4000 . Press Ctrl+C to stop.
